\BOOKMARK [1][-]{section.1}{Local Algorithm}{}% 1
\BOOKMARK [2][-]{subsection.1.1}{description}{section.1}% 2
\BOOKMARK [2][-]{subsection.1.2}{domain of validity}{section.1}% 3
\BOOKMARK [3][-]{subsubsection.1.2.1}{Winding number}{subsection.1.2}% 4
\BOOKMARK [3][-]{subsubsection.1.2.2}{straight line only can be flipped}{subsection.1.2}% 5
\BOOKMARK [2][-]{subsection.1.3}{results}{section.1}% 6
\BOOKMARK [2][-]{subsection.1.4}{limits}{section.1}% 7
\BOOKMARK [1][-]{section.2}{Loop Algorithm}{}% 8
\BOOKMARK [2][-]{subsection.2.1}{Failure of the local algorithm}{section.2}% 9
\BOOKMARK [3][-]{subsubsection.2.1.1}{Acceptance rate}{subsection.2.1}% 10
\BOOKMARK [3][-]{subsubsection.2.1.2}{Decorrelation}{subsection.2.1}% 11
\BOOKMARK [2][-]{subsection.2.2}{The loop update}{section.2}% 12
\BOOKMARK [3][-]{subsubsection.2.2.1}{Example}{subsection.2.2}% 13
\BOOKMARK [3][-]{subsubsection.2.2.2}{Formalism}{subsection.2.2}% 14
\BOOKMARK [2][-]{subsection.2.3}{Encoding the loop algorithm}{section.2}% 15
\BOOKMARK [3][-]{subsubsection.2.3.1}{Parameters}{subsection.2.3}% 16
\BOOKMARK [3][-]{subsubsection.2.3.2}{Methods}{subsection.2.3}% 17
\BOOKMARK [2][-]{subsection.2.4}{Results}{section.2}% 18
\BOOKMARK [3][-]{subsubsection.2.4.1}{Case Jx = Jz}{subsection.2.4}% 19
\BOOKMARK [3][-]{subsubsection.2.4.2}{Case Jx > |Jz|}{subsection.2.4}% 20
